5
5
5
5
5
5
5
5
3.30924
2.58337
2.13958
1.81265
1.56318
1.34133
1.14231
0.877401
0.662074
0.410443
0.179512
-0.131825
-0.470638
-0.924396
-1.55852
-2.59177
-5
-5
-5
-5
-5
-5
-5
-3.44897
-2.82476
-2.53605
-2.34925
-2.21488
-2.10646
-2.00988
-1.9209
-1.84983
-1.78352
-1.7306
-1.68385
-1.64602
-1.61329
-1.57982
-1.55315
-1.52797
-1.50304
-1.47691
-1.45044
-1.41841
-1.38664
-1.36086
-1.34117
-1.31946
-1.2995
-1.28206
-1.26241
-1.24579
-1.22998
-1.21562
-1.19865
-1.18055
-1.15957
-1.13149
-1.09711
-1.04774
-0.994016
-0.93598
-0.875891
-0.800934
-0.717115
-0.635502
-0.542318
-0.433418
-0.285512
-0.158025
-0.0392753
0.0676243
0.203285
0.344283
0.475065
0.592039
0.713294
0.837852
0.967242
1.06264
1.14787
1.22602
1.29221
1.36138
1.43258
1.51412
1.60635
1.70441
1.83322
1.96623
2.11158
2.35985
2.78259
3.90424
3.79543
3.98342
3.94787
4.11237
4.15695
4.27321
3.89337
3.28126
2.67239
2.23521
1.88177
1.5815
1.32632
1.06412
0.836452
0.59723
0.323768
0.0297413
-0.291861
-0.646856
-1.12799
-1.67347
-2.07433
-2.51145
-2.84646
-3.10881
-3.29081
-3.50572
-3.68558
-3.48664
-2.9774
-2.6306
-2.4225
-2.25131
-2.12725
-2.02851
-1.93525
-1.86326
-1.79469
-1.73975
-1.69107
-1.64965
-1.61124
-1.57608
-1.54417
-1.5202
-1.49474
-1.46764
-1.43617
-1.40063
-1.3718
-1.34994
-1.32684
-1.30256
-1.28425
-1.26708
-1.24886
-1.23086
-1.21053
-1.18714
-1.16255
-1.13308
-1.09923
-1.05563
-1.004
-0.945629
-0.882862
-0.804326
-0.715438
-0.616098
-0.516194
-0.396699
-0.274546
-0.165734
-0.0325697
0.075355
0.204447
0.345177
0.465642
0.588068
0.709614
0.815869
0.922
1.02481
1.11898
1.2239
1.32063
1.40919
1.49906
1.58928
1.6913
1.82134
1.96017
2.14868
2.41859
2.86513
3.60538
2.92129
2.96346
2.96896
2.94936
2.79956
2.60262
2.30244
2.00996
1.74377
1.43794
1.15166
0.883836
0.593973
0.300425
-0.0131897
-0.256397
-0.607952
-0.910083
-1.23199
-1.5936
-1.96228
-2.3548
-2.60531
-2.52486
-2.50763
-2.52253
-2.52952
-2.52093
-2.51355
-2.41138
-2.25791
-2.12985
-2.02262
-1.93344
-1.8551
-1.78568
-1.7243
-1.67519
-1.6308
-1.59154
-1.56141
-1.53031
-1.50237
-1.47372
-1.44014
-1.40439
-1.37479
-1.34939
-1.32467
-1.30266
-1.28167
-1.25962
-1.23744
-1.21255
-1.18362
-1.14736
-1.12351
-1.08376
-1.04915
-1.00962
-0.978471
-0.942283
-0.884663
-0.874051
-0.836853
-0.758919
-0.686361
-0.610345
-0.517025
-0.392717
-0.259623
-0.205222
-0.163895
-0.167158
-0.10728
-0.017297
0.0500712
0.192281
0.290968
0.399156
0.525284
0.624724
0.712865
0.834782
0.950627
1.07448
1.19991
1.32496
1.44237
1.56243
1.69674
1.84266
2.00799
2.21468
2.49279
2.8037
3.22522
3.67295
2.06872
2.55968
1.46587
1.94059
2.02836
2.14668
2.31693
2.57585
2.934
3.03772
3.3574
3.6181
3.23968
3.04383
3.21152
3.58254
4.00764
3.44801
-4.25906
2.60224
0.654925
0.734196
-1.76496
-1.75985
-1.70494
-1.72458
-1.6567
-1.61755
-1.58736
-1.72953
1.29588
1.20545
0.900304
1.04626
1.01477
1.0605
1.18677
1.24869
1.33998
1.28683
-2.39212
-3.32751
-1.95715
-1.79461
-1.87316
-3.54107
-2.82573
-3.24878
-3.0673
-4.38072
-2.46033
-2.76775
-2.85219
-2.52385
-1.90088
-3.93107
-4.18801
-1.62729
1.51432
1.66527
1.80374
1.71122
1.86678
1.76756
1.59984
1.63586
-2.21979
-1.33613
-1.2542
-1.29377
-1.31072
-1.17596
-1.2148
-1.19604
-1.22734
-1.52679
-2.68011
-2.73614
0.0286928
0.125898
0.172387
-0.534947
1.11708
1.35576
1.16349
1.1894
0.90915
3.36508
1.53342
1.42615
1.35507
1.42603
0.954743
0.0657366
0.355103
0.185921
0.39562
0.535262
0.535575
0.445432
0.435147
0.242439
0.329903
0.203555
0.246249
0.260936
0.334129
0.278998
0.344018
0.261635
0.27555
0.274165
0.337889
0.290684
0.529319
0.434869
0.521197
0.631077
0.623961
0.444713
-0.196023
-0.417607
0.466042
1.01821
1.08129
3.42442
2.22073
1.43005
1.57667
1.71049
-0.937758
-0.616685
-0.430369
-0.351707
-0.272323
-0.346984
-0.266734
4.65588
3.9665
1.18342
1.01515
3.13542
3.32127
-0.487847
1.72708
-0.14494
2.01224
2.40064
2.24011
0.551379
-0.942885
1.76881
-0.35909
-0.231974
-1.90205
-1.89233
-1.84891
-1.80437
-1.83923
-4.2501
4.42084
-2.50234
-0.29068
-0.311709
-0.315936
-0.339345
-1.01988
-1.06611
-1.11405
-1.11679
-1.15816
-1.19184
-1.21686
-1.23847
-1.26064
-1.22539
-1.19953
-1.17888
-1.1567
-1.15006
-1.17032
-1.11071
-3.81206
-4.23352
-2.78135
-2.91614
-3.30568
-3.01655
-2.81339
-3.07954
-2.88995
-1.76853
-1.8135
-1.56069
-1.54232
-1.70468
-1.48107
-1.07638
-1.07791
-1.11837
-3.49304
-1.28725
-1.29202
-1.27936
-0.108746
-0.199524
-0.192927
-1.27439
-1.24078
-1.27146
-1.14856
-1.24831
-1.06269
-1.37543
-1.60843
-1.78453
-2.13051
-2.09789
-2.34051
-2.1956
-2.34624
-2.25338
-1.87302
-1.92197
-1.96684
-2.2867
-2.12026
-2.03249
-2.21149
-2.29707
-1.96889
-2.11726
-1.7996
-1.58255
-1.72908
-1.7912
0.414542
-0.0861891
-0.130015
-1.31874
-1.31595
-1.26515
-1.25015
-1.28343
-1.2735
-1.29316
-1.26018
-1.23196
0.91294
3.42755
3.84133
3.69333
3.65463
4.00151
3.2055
1.41413
0.638495
0.355585
0.0470011
-0.257712
-0.501003
-0.238458
-0.101013
0.118794
0.802717
1.26809
1.17652
0.389817
1.27285
0.81172
0.63886
0.866364
1.19181
0.801662
0.756125
0.721523
0.463486
0.309109
0.199231
0.138471
0.244831
0.348422
0.348348
0.519933
0.408312
0.468425
0.832458
0.964702
1.08663
1.13617
0.960217
0.99402
0.891097
0.694118
0.783694
0.905684
1.03767
1.0663
1.06784
1.33873
1.9208
2.17316
2.2481
2.51015
0.942874
0.661871
0.634832
0.606195
0.713686
0.585686
0.77815
0.696931
1.33167
0.948735
1.2558
1.66077
1.89836
1.62358
1.55613
1.75205
1.99926
2.23914
1.79359
1.36844
0.968406
1.10302
0.978932
1.1578
1.08676
0.960937
0.925178
1.12975
0.99761
1.17742
1.06349
0.524007
0.441895
0.428231
0.822278
0.718863
0.794169
0.907453
0.538661
2.55197
3.38442
3.7822
3.26293
-0.102016
1.08902
0.0398125
2.74346
2.84244
0.0397009
-0.0815309
-0.118655
-0.0558741
0.112816
0.00254752
0.140282
-0.842086
-1.13669
-2.42066
-0.431111
-0.354886
0.675326
0.427378
0.460783
0.223997
0.955015
0.867735
1.14205
1.1637
-0.648399
-0.544944
-0.538341
-0.561957
-0.481564
-0.551994
-2.89783
-0.658464
-0.696751
-1.08677
-1.32846
-2.17335
-1.61461
-1.52763
-1.33449
-1.88558
-1.94195
-2.30672
-2.19138
-2.00185
-2.42829
-2.53523
-2.63085
-2.3184
-1.64147
-2.00254
-2.26626
-2.38036
-2.22814
-2.12045
-2.28545
-2.10303
-2.08077
-1.77251
-1.62777
-1.83787
-1.95614
-1.29144
-1.67932
-1.9777
-2.25655
-2.07353
-2.27743
-1.75842
-1.83694
-1.73073
-1.50237
-1.63616
-1.41047
-1.53556
-1.70102
-1.7263
-1.89936
-1.86623
-1.71834
-1.50486
-2.04623
-2.04869
-1.99922
-1.9543
-2.10203
-2.16778
-1.36006
-2.0812
-1.45717
-1.49
-1.50986
-1.38973
-1.41747
-0.753406
-0.764357
-0.893904
-0.969542
-1.01959
-0.977297
-1.02706
-0.852312
-0.908687
-0.590322
-0.636244
-0.529359
-0.524536
-0.596213
-0.466896
-0.576135
-0.470069
-0.387843
-0.65863
-0.672377
-0.687499
-0.744472
-0.705992
-0.463908
-0.540105
-0.887322
-0.965572
-1.01112
-0.949693
-0.951442
-0.908282
-0.843009
-0.828072
-0.766163
-0.860872
-0.825674
-0.779127
-0.716793
-0.694873
-0.898107
-0.922265
-0.878388
-0.786105
-1.04323
-0.856201
-0.845342
-0.786816
-0.713972
-0.759791
-0.711915
-0.632174
-0.718249
-0.742475
-0.775454
-1.34661
-1.37258
-1.49399
-1.52171
-1.64385
-1.62945
-1.42261
-1.41629
-1.26705
-1.32144
-1.49281
-1.40822
-0.474706
-1.10283
-0.995531
-0.900751
-0.824649
-0.957509
-1.01446
-1.13445
-1.06007
-1.25707
-1.24636
-0.979747
-1.17016
-1.24035
-1.24122
-1.0775
-1.52778
-1.63755
-1.4503
-1.48303
-1.41503
-1.54145
-1.4749
-1.52094
-1.476
-1.45311
-1.51053
-1.53289
-1.48332
-1.51263
-1.48437
-1.56082
-1.57512
-1.60088
-1.5711
-1.54404
-1.51593
-1.50663
-1.36512
-1.31423
-1.29458
-1.33117
-1.30817
-1.36538
-1.42343
-1.39553
-1.37289
-1.42246
-1.44639
-1.4636
-1.46704
-1.44474
-1.41429
-1.38178
-1.34955
-1.34941
-1.32277
-1.4295
-1.40821
-1.38979
-1.39059
-1.41305
-1.40249
-1.33719
-0.604268
-1.34388
-1.34447
-1.32839
-1.73906
-1.8057
-1.90139
-1.90553
-1.98869
-2.04696
-1.97538
-1.96165
-1.89056
-1.80948
-1.86437
-1.8439
-2.04088
-1.99653
-1.88208
-1.95082
-2.10938
-1.63341
-1.57115
-1.5825
-1.60804
-1.5727
-1.73722
-1.75365
-1.67777
-1.6833
-1.68274
-1.63871
-1.74394
-1.53846
-1.5622
-1.62123
-1.67744
-1.48724
-1.53729
-1.5067
-1.70683
-1.63885
-1.69407
-1.63182
-1.62749
-1.6993
-1.77287
-1.83499
-1.76547
-1.79813
-1.583
-1.65739
-1.67628
-1.41571
-1.34568
-1.19277
-1.19188
-1.25402
-1.27971
-1.2871
-1.18482
-1.2362
-1.20548
-1.22088
-1.23831
-1.21424
-1.17298
-1.10604
-1.12108
-1.06989
-1.1078
-1.15358
-1.16034
-1.15434
-1.18231
-1.11931
-1.18173
-1.15628
-1.08345
-1.01434
-1.13156
-1.25306
-1.1325
-1.14022
-1.28472
-1.22048
-0.963509
-0.877596
-0.957619
-1.02917
-1.07609
-0.919641
-0.893137
-0.949791
-1.02947
-1.0767
-1.01211
-1.11065
-1.06413
-1.06071
-1.09248
-1.13717
-1.14192
-1.17915
-0.965998
-0.899139
-0.8284
-0.949755
-0.932423
-1.17856
-1.32001
-1.35433
-1.39294
-1.48009
-1.44938
-1.48128
-1.56134
-1.57162
-1.4075
-1.36997
-1.47133
-1.50992
-1.42952
-1.2679
-1.18059
-1.21976
-1.34096
-1.32009
-1.33118
-1.33897
-1.26537
-1.22012
-1.34845
-1.40784
-1.38963
-1.42834
-1.44559
-1.35223
-1.43542
-1.38483
-1.28545
-1.51071
-1.22389
-1.26644
-1.31114
-1.2847
-1.25263
-1.21853
-1.27125
-1.25849
-1.30382
-1.03281
-1.06328
-1.02238
-1.08167
-0.988166
-1.04493
-0.442722
-1.91885
-0.819367
-1.21017
-1.23149
-0.597608
-0.0333152
0.0777236
-0.0101232
0.0340316
0.169483
0.136516
0.134823
0.0636708
0.14272
0.0341932
1.95306
1.55276
1.70276
1.54497
1.48583
1.28182
1.36425
1.4883
1.56247
1.44096
1.74688
1.78044
1.70201
1.22206
1.3693
-0.32683
0.191541
0.126025
0.800351
0.815476
0.723377
0.877702
-0.0832636
-0.130439
-0.0127805
-0.146335
-0.501371
-0.662247
-0.746194
-0.824177
-0.756185
-0.868557
-0.376538
-0.284023
-0.429389
-0.527647
-0.453734
-0.351019
0.429275
0.595254
0.621892
0.779106
0.784366
-0.741787
-1.02768
-1.22151
-1.05673
-1.17177
-1.16143
-0.959417
-0.235461
0.158132
0.352744
0.416788
0.596651
0.475032
0.107341
0.223156
0.217141
0.255896
0.241234
0.478357
0.424326
0.667826
0.0273683
0.421616
0.224877
0.497346
0.63843
0.756874
-0.41176
-0.573736
-0.499373
-0.265488
-0.072709
0.0188346
0.0251902
-0.278391
-0.23238
-0.403581
-0.438162
-0.753055
-0.60635
-0.4547
-0.466522
-0.579999
-0.713681
-0.834621
-0.690568
-0.927752
-0.808615
-0.659701
-0.309069
-0.0834972
-0.273412
-0.441074
-0.594058
-0.231656
0.03787
-0.112258
-0.139591
-0.154744
-0.876905
-1.19366
-1.26221
-1.04695
-1.36369
-1.16485
-1.49154
-0.772694
-0.728139
-0.686752
-0.30536
0.144579
-1.09109
-0.914777
-0.917824
-0.906122
-1.09629
-1.26883
-1.0864
-0.548901
-0.628267
0.496194
1.62752
1.54758
1.43799
1.48472
1.26506
1.17608
1.711
1.81986
1.35783
1.35664
1.17073
1.26327
1.3787
1.4699
1.45988
1.40829
1.30061
1.25582
0.0910983
-0.654015
-0.561557
-0.478323
-0.452765
-0.572696
0.707418
0.0209282
0.177405
0.253658
0.233434
0.418303
0.455828
0.337187
0.200367
0.301512
0.312837
0.0591463
0.0024686
0.105437
0.140479
-0.322401
-0.150449
-0.003196
-0.079128
-0.230299
-0.317297
-0.208702
-0.0185457
0.0992227
-0.141315
-0.205583
-0.351808
-0.40027
-0.0968434
-0.232404
-0.204148
-0.303149
0.0647819
-1.07891
1.7593
1.60049
1.59752
1.53297
1.05932
1.28695
1.05332
0.854236
-2.33087
0.758941
-1.54831
-0.0294093
-1.39399
-1.42678
-0.159628
-0.23466
-0.210681
-0.242717
-0.217069
-0.260237
-0.0879893
1.42178
1.59418
1.25417
-0.113937
-0.180773
0.0821627
1.56123
-0.155445
-0.130652
-0.0775426
1.01105
0.794449
0.604292
0.861667
0.755738
1.21832
2.57274
2.27809
2.52439
2.71417
2.34218
2.24169
2.03741
2.07361
2.20277
1.93344
2.5961
2.70621
2.42121
-0.707523
-0.775443
-0.470396
2.00604
1.80322
1.714
1.79967
1.68572
1.60453
1.76545
2.05605
1.94626
1.91586
2.31296
2.34244
2.54153
2.71865
2.22839
2.06699
1.91273
2.1378
1.25967
-0.99236
-3.16512 -1.78007
-2.28493 -0.166376
-1.78835 -0.447277
-1.73726 -0.544704
-1.71582 -0.746585
-1.86694 -0.964239
-2.18805 -1.2914
-2.6488 -0.434639
-1.78514 0.736102
-0.826134 0.512894
-0.533827 0.395034
-0.402921 0.306423
-0.349585 0.241649
-0.332382 0.172543
-0.34988 0.128384
-0.365765 0.118979
-0.353868 0.109722
-0.363695 0.0842256
-0.377303 0.0607065
-0.419977 0.0614167
-0.510015 0.067897
-0.647293 0.0821029
-0.931096 0.223465
-2.03429 0.874278
-1.4054 2.71139
0.0403137 2.1579
0.0835719 1.80067
0.120858 1.71858
0.126235 1.66061
0.0702173 1.87272
0.679852 2.11075
1.11398 1.16489
0.551299 0.385833
0.323801 0.194042
0.22691 0.147347
0.165238 0.126737
0.136385 0.114954
0.123074 0.106752
0.102823 0.0917061
0.092163 0.0767976
0.0815152 0.0684961
0.0663045 0.0572894
0.0553507 0.05229
0.0417005 0.0465594
0.0353572 0.0476616
0.0293287 0.045663
0.0215119 0.0399214
0.0129652 0.0394423
0.0077504 0.0378464
0.0053141 0.0372858
0.00370932 0.038841
-0.000258795 0.0421457
-0.0028434 0.0359928
-0.00550516 0.0324173
-0.00951741 0.0326592
-0.0122308 0.0313783
-0.0132122 0.0277293
-0.0122061 0.0279455
-0.0133192 0.0272797
-0.0151547 0.0243216
-0.0171177 0.0215377
-0.020864 0.0191531
-0.0257952 0.0179595
-0.0295684 0.0153189
-0.0358527 0.0124969
-0.043721 0.00965499
-0.0550757 0.00832709
-0.0673739 0.0117959
-0.0790006 0.0140998
-0.0843516 0.0125094
-0.0920952 0.0082541
-0.103193 0.00243217
-0.110511 -0.0023952
-0.124019 -0.00814686
-0.149424 -0.0149026
-0.190613 0.00130985
-0.192334 0.0191057
-0.173174 0.0230849
-0.160216 0.0186155
-0.160017 0.0170625
-0.174009 0.00153913
-0.170634 -0.00344891
-0.166694 -0.0133912
-0.168238 -0.0215821
-0.172353 -0.0225916
-0.167998 -0.01863
-0.150184 -0.0190867
-0.135258 -0.0337582
-0.126455 -0.0458716
-0.109359 -0.0585518
-0.098299 -0.0761546
-0.0925959 -0.0911373
-0.0869903 -0.101632
-0.0887691 -0.124011
-0.0882584 -0.141914
-0.0938213 -0.170084
-0.0998114 -0.196672
-0.0958926 -0.209422
-0.0858345 -0.274088
-0.0720199 -0.426565
-0.197187 -0.880947
-1.0119 -2.57344
-2.27255 -1.29399
-2.02187 -0.529627
-1.73983 -0.58494
-1.77266 -0.648594
-1.8041 -0.795578
-2.21002 -0.997069
-2.49916 -0.767289
-2.34416 0.306982
-1.3863 0.626161
-0.854684 0.524126
-0.738117 0.418775
-0.630791 0.331091
-0.584436 0.259487
-0.572691 0.214316
-0.509994 0.163917
-0.600718 0.163735
-0.516318 0.121157
-0.671846 0.138741
-0.783318 0.133052
-0.833181 0.169481
-0.945007 0.291679
-1.11032 0.716878
-0.949312 1.1382
-0.606791 1.73448
-0.369843 1.78539
-0.231318 1.67925
-0.0863309 1.60122
0.0480435 1.62502
0.205878 1.78687
0.79578 1.63399
0.83934 0.705141
0.565229 0.37711
0.385145 0.300971
0.280312 0.21495
0.22344 0.180099
0.196934 0.176992
0.166249 0.141625
0.135011 0.121303
0.13649 0.128063
0.0963389 0.0927591
0.0860787 0.0963673
0.0608496 0.0778472
0.0480822 0.0759295
0.0399057 0.0775784
0.0300303 0.0731316
0.01947 0.0588869
0.014072 0.0624475
0.00580561 0.0622354
0.00133817 0.062344
-0.00145048 0.055375
-0.00680921 0.0532429
-0.0129532 0.0519106
-0.0165633 0.0511933
-0.0180328 0.045434
-0.0208349 0.0409464
-0.0279944 0.0429926
-0.0266946 0.0359986
-0.0325223 0.0350633
-0.0459519 0.0375739
-0.0522713 0.0330477
-0.0598462 0.0297673
-0.0704802 0.0266272
-0.0832084 0.02492
-0.0987326 0.0242287
-0.115378 0.0259759
-0.12657 0.0238276
-0.138975 0.0200124
-0.155645 0.0141522
-0.167254 0.0043549
-0.208367 -0.00239369
-0.23777 -0.00881825
-0.273335 0.0117447
-0.245142 0.0340775
-0.229873 0.0328397
-0.267993 0.0311484
-0.244809 0.00592218
-0.256656 6.43887e-06
-0.230422 -0.00667484
-0.282437 -0.0231238
-0.257749 -0.0343522
-0.24313 -0.0385153
-0.250051 -0.0469705
-0.242797 -0.0571216
-0.23622 -0.0703611
-0.230983 -0.0898139
-0.215989 -0.108289
-0.194935 -0.126632
-0.180923 -0.147636
-0.168732 -0.172572
-0.157254 -0.201918
-0.14548 -0.235303
-0.164929 -0.293364
-0.151121 -0.329188
-0.178784 -0.487945
-0.146407 -0.587543
-0.380579 -1.10005
-1.71128 -1.54983
-1.62449 -0.80155
-1.65777 -0.658665
-1.7243 -0.537012
-1.84385 -0.460722
-1.90785 -0.287834
-1.86359 -0.00914415
-1.66851 0.218192
-1.43638 0.323316
-1.1915 0.366959
-1.15126 0.34865
-1.04779 0.314544
-1.00817 0.284294
-0.971061 0.254421
-1.03831 0.256073
-1.12167 0.282513
-1.15421 0.312271
-1.20653 0.417786
-1.24367 0.533036
-1.32609 0.697307
-1.34028 0.877814
-1.31274 1.21741
-0.974909 1.6653
-0.634067 1.67786
-0.501645 1.51731
-0.336004 1.41068
-0.15993 1.31127
0.0826604 1.23528
0.317826 1.11278
0.459271 0.938161
0.483076 0.702515
0.421297 0.498662
0.332525 0.408067
0.282091 0.342613
0.232916 0.286761
0.199487 0.266181
0.164059 0.231878
0.138317 0.214373
0.111434 0.184675
0.0899012 0.168234
0.074178 0.150808
0.0571849 0.129779
0.0436023 0.122557
0.0280676 0.112393
0.0140472 0.108903
-0.00121017 0.114992
-0.00915568 0.109289
-0.017521 0.102643
-0.0291402 0.0999635
-0.0323708 0.0862303
-0.044478 0.0900272
-0.0524784 0.0831891
-0.0590641 0.0752991
-0.0722144 0.0749547
-0.0870931 0.0761221
-0.100056 0.0757735
-0.118187 0.0779417
-0.143401 0.0876932
-0.166678 0.0959991
-0.193537 0.107556
-0.209608 0.110578
-0.240076 0.119098
-0.268692 0.130097
-0.303019 0.14328
-0.353489 0.146372
-0.415852 0.197181
-0.374722 0.171861
-0.363112 0.132345
-0.344776 0.101855
-0.36344 0.102692
-0.394588 0.104465
-0.419173 0.112692
-0.47961 0.102746
-0.538023 0.0929684
-0.59952 0.0934001
-0.687628 0.148155
-0.631516 0.126212
-0.557625 0.0684436
-0.578358 0.072111
-0.5455 0.0358005
-0.516715 0.00329639
-0.521192 -0.013707
-0.495403 -0.0441966
-0.466358 -0.0733879
-0.438725 -0.0958391
-0.458882 -0.122332
-0.46921 -0.156227
-0.459705 -0.195144
-0.445194 -0.236187
-0.419805 -0.276374
-0.443628 -0.35009
-0.454203 -0.417698
-0.440632 -0.490399
-0.487771 -0.617363
-0.603001 -0.791187
-0.961454 -0.984471
-1.44191 -0.9589
-1.75345 -0.982728
-2.06529 -0.867633
-1.47007 -0.191787
-1.7796 -0.238374
-0.364547 0.207757
-0.317782 -0.464254
-0.24496 -0.508647
-0.330894 -0.584619
-0.380582 -0.811684
-0.646916 -1.05259
-1.10423 -1.14734
-1.44711 -1.11061
-1.731 -1.32685
-2.05926 -1.25727
-1.45216 -1.5714
-0.954336 -1.46397
-0.758686 -1.39661
-1.06903 -1.4927
-2.24615 -2.18834
-1.91428 -1.56691
0.141183 1.71072
-0.30751 -0.892629
-0.352663 -0.0585025
-0.364219 -0.0822985
0.127985 0.17005
0.137476 0.145491
0.104346 0.141514
0.113105 0.156788
0.0855721 0.129581
0.0687338 0.121066
0.0573734 0.114482
0.118131 0.139386
-0.84121 0.303387
-0.79448 0.310103
-0.347386 -0.0939237
-0.338993 -0.11723
-0.356468 -0.114583
-0.320987 -0.121047
-0.324082 -0.14253
-0.33469 -0.170524
-0.313144 -0.196385
-0.299466 -0.159727
-1.27525 0.974384
-1.66111 1.98388
-0.982998 1.16095
-1.29104 1.03686
-1.0577 0.445905
-0.226491 2.07039
-0.441471 1.93971
-0.680819 1.92178
-0.378029 1.80659
-0.556117 2.58676
-0.666466 1.61219
-0.873615 1.52086
-0.505559 1.82165
-0.6361 1.68484
0.133378 0.11507
0.0242684 1.70061
0.150686 1.6454
0.0392846 0.0483502
-0.308255 -0.248172
-0.27393 -0.313006
-0.299206 -0.399233
-0.306122 -0.353797
-0.25653 -0.43084
-0.254364 -0.363691
-0.313677 -0.297992
-0.232007 -0.307561
0.334978 0.329092
-0.0215704 0.071907
-0.014972 0.0269169
-0.0171069 0.0374379
-0.0254999 0.0670964
-0.0341577 0.016367
-0.0243174 0.0214785
-0.0292553 0.0193472
-0.0196887 0.0221678
0.0306323 0.0879175
0.680814 0.841023
0.769576 0.647133
-0.211406 0.019605
-0.177797 0.0102798
-0.389677 0.065629
-0.538327 0.102302
-0.349192 -0.139468
-0.105182 -0.0912847
-0.135234 -0.0567856
-0.121065 -0.0533915
-0.161107 -0.0187563
-1.78216 -0.662454
-0.256761 -0.264086
-0.276672 -0.216951
-0.276391 -0.181519
-0.311236 -0.221415
-0.329171 -0.0990694
-0.390972 0.0301512
-0.384329 -0.0213437
-0.372168 0.0026512
-0.35911 -0.026518
-0.353814 -0.0431284
-0.386742 -0.0519673
-0.407115 -0.0365891
-0.423489 -0.0368925
-0.424076 0.00524336
-0.399918 -0.0189474
-0.393106 0.00372131
-0.405581 -0.00478824
-0.384324 -0.00622209
-0.37155 -0.0154134
-0.362079 -0.00575917
-0.353579 -0.0141791
-0.370777 -0.00482661
-0.283106 -0.00538195
-0.176072 -0.00248278
-0.4197 -0.0195352
-0.439541 -0.0127597
-0.413656 -0.0529507
-0.372365 -0.0304452
-0.368169 -0.0454424
-0.368193 -0.0651608
-0.388855 -0.073402
-0.388061 -0.0346394
-0.360051 0.061003
-0.325899 0.0570827
-0.359262 -0.0361389
-0.149396 -0.0277298
-0.143985 -0.0428167
-1.84488 -0.797506
-0.0700305 -0.334774
-0.835512 0.364006
-0.889006 0.329934
-0.938022 0.408369
-0.565271 0.476163
-0.546961 0.266551
-0.530603 0.169461
-0.507095 0.118381
-0.560621 0.120404
-0.531232 0.134906
-0.536096 0.107788
-2.65336 -0.297768
-2.42641 -0.790387
-0.359408 0.150793
-0.369388 0.127593
-2.03619 -0.28723
-2.33495 0.00106558
-0.986728 0.274434
-0.38584 0.268691
-0.549404 0.0919
-1.1548 0.4197
-1.49367 0.409485
-1.2702 0.582924
-0.360183 0.102767
-0.650443 0.135785
-0.0981434 -0.183055
-0.203082 0.0159459
-0.17657 0.0201731
0.181228 0.206758
0.189059 0.178259
0.164386 0.188751
0.151894 0.167974
0.17147 0.172118
0.128489 2.01411
-3.10948 -0.854078
0.571555 0.532901
-0.348855 0.0923164
-0.34276 0.0693517
-0.349749 0.0510926
-0.342658 0.055531
-0.158616 0.0831502
-0.131904 0.0621181
-0.109412 0.0586031
-0.103823 0.0424006
-0.0909865 0.0534441
-0.0708441 0.0564161
-0.0607938 0.054671
-0.0497359 0.0565534
-0.0416754 0.0575368
-0.0526049 0.0492731
-0.0689262 0.0496129
-0.0807537 0.0610466
-0.092036 0.0656248
-0.0885502 0.0437455
-0.0776684 0.0487482
-0.120077 0.072674
-0.0364774 1.78216
0.0303971 1.95112
-0.51116 1.65233
0.0468908 1.473
0.112808 1.66185
0.404557 1.45453
0.551604 1.12252
0.872724 1.19135
-0.179859 1.50085
0.0974136 0.0881985
0.0870034 0.0741831
0.0235771 0.0440436
0.0175098 0.0419343
0.0626291 0.0552304
0.00885959 0.0525242
-0.123796 0.0441041
-0.0585633 0.0106251
-0.049742 0.0111445
-0.172644 1.8986
-0.0331093 0.0632909
-0.0271308 0.0576272
-0.0344751 0.0572054
-0.389572 0.0705044
-0.363486 0.0737664
-0.380572 0.0946663
-0.0392106 0.0622734
-0.0173524 0.0244658
-0.0131039 0.0287571
-0.041032 0.0131959
-0.0445773 0.0519374
-0.1383 0.0790566
-0.208061 0.412283
-0.312852 0.710912
-0.0105491 0.58846
0.364422 0.55263
0.163157 0.775953
0.269122 0.89604
0.3059 0.728157
0.429154 0.794322
0.420574 0.667212
-0.0765024 0.741107
0.0166882 0.678144
-0.233854 0.893155
-0.0989154 1.12974
0.0112738 0.910778
0.036397 0.791766
0.112851 0.870714
0.0898088 1.01499
-0.094689 0.851139
-0.106309 0.966582
-0.17607 0.773569
-0.160909 0.562424
-0.149248 0.677688
-0.0681882 0.654347
-0.16684 -0.00744125
-0.231389 0.0329406
-0.170117 0.0216394
-0.0949113 0.185673
-0.0555483 0.119515
-0.0990887 0.1274
-0.0885786 0.0960104
-0.0765657 0.116574
-0.0771414 0.103535
-0.0660606 0.109441
-0.0908238 0.11377
-0.0950115 0.089993
-0.773546 0.267484
-1.8321 -0.617611
-1.85641 -0.698979
-1.93306 -0.648823
-2.2257 -0.637984
-1.96144 -0.827102
-1.94509 -0.545155
-0.0959252 -0.106124
-0.768181 0.22814
-0.792042 0.204884
-0.845682 0.207383
-0.91738 0.183256
-1.01822 0.186655
-0.906907 0.265906
-0.831627 0.147661
-0.9473 0.25839
-0.786422 0.242873
-0.117507 -0.0718311
-0.310254 -0.136319
-0.777047 0.0911693
-0.895072 -0.198072
-0.726395 -0.0698632
-0.618448 -0.013974
-0.628294 -0.104937
-0.700902 -0.220768
-0.574035 -0.0831882
-0.612137 -0.0588938
-0.651929 -0.0478081
-0.697627 0.0361284
-0.656517 0.0848103
-0.714097 0.122445
-0.669509 0.126281
-0.685812 0.107229
-0.686998 0.0704793
-0.719284 0.0895106
-0.639283 0.0255061
-0.638922 0.0565401
-0.664697 0.0453064
-0.679687 -0.084923
-0.673289 -0.135708
-0.625686 -0.185635
-0.594941 -0.216631
-0.596625 -0.156707
-0.637883 -0.151756
-0.571527 -0.120144
-1.10658 0.151024
-0.94725 0.0210495
-0.851341 -0.0666684
-0.768526 -0.146249
-0.714891 -0.167335
-0.666386 -0.183016
-1.32623 0.14871
-1.54406 0.0779488
-1.6289 -0.0973319
-1.74345 0.056893
-1.82365 -0.0706401
-0.717101 -0.118818
-0.778149 -0.00429533
-0.720024 -0.00138137
-0.672436 -0.000797866
-0.695441 -0.037375
-0.844543 0.0490016
-0.878839 -0.00886676
-0.823178 0.0048637
-1.09883 -0.113594
-1.06825 0.0281611
-1.20388 0.00530657
-1.35983 -0.0191994
-1.46433 -0.042994
-1.41732 0.090165
-1.39965 0.209737
-1.49867 0.355965
-1.63894 0.247409
-1.80483 0.207795
-1.49783 0.211911
-1.29196 0.0583687
-1.13291 0.0720081
-0.967309 -0.0906483
-1.00248 -0.0181365
-1.03326 -0.080058
-0.887892 -0.122149
-0.908039 -0.0648076
-0.942432 -0.0295421
-0.833651 -0.169668
-0.81331 -0.114766
-1.12131 -0.018987
-1.06992 -0.03247
-0.744001 0.0365689
-0.720714 0.06117
-0.750823 0.0672797
-0.78601 -0.0603504
-0.744996 -0.0307895
-0.819218 -0.0292293
-0.758984 -0.102393
-0.792396 0.0460697
-0.0816377 -0.57141
-1.73734 -0.634895
-1.77289 -0.684323
-1.14386 -1.53806
-0.558376 0.0688725
-0.802829 0.268717
-1.22648 0.291713
-1.87329 0.0975674
-1.9885 0.517724
-0.443154 0.0479944
-0.477915 0.0723309
-0.4105 0.0937064
-0.442926 0.0791352
-0.41866 0.0278485
-0.412703 0.0528859
-0.402446 0.0123259
-1.08141 0.298168
-1.15995 0.446645
-0.692388 1.31942
-0.315298 0.0840065
-0.330534 0.0797422
-1.20105 0.245013
-1.20606 0.283843
-1.21192 0.290551
-1.19861 0.283582
-1.20233 0.165651
-1.15881 0.136006
-1.20906 0.0933088
-1.25755 0.132887
-0.479334 0.216863
-0.524713 0.203369
-0.472904 0.166304
-0.439063 0.156359
-0.476817 0.135106
-0.498854 0.19054
-0.341406 1.55339
-0.448345 0.193826
-0.421806 0.197962
-1.29242 0.753051
-0.68217 0.774943
-0.523533 1.23804
-0.935901 1.07864
-1.22217 1.02576
-1.37516 0.926566
-1.08798 1.26303
-0.790673 1.22234
-0.732287 1.46566
-0.950869 1.50481
-0.903571 1.29062
-0.80231 1.65964
-0.889367 1.85425
-0.598769 1.79087
-0.513354 1.36506
-1.10338 1.09577
-1.30597 1.34215
-1.06945 1.6109
-0.860996 1.68187
-1.20114 1.58482
-1.16866 1.43572
-1.1217 1.71821
-1.08282 1.36691
-1.34142 1.43634
-1.22545 1.19826
-1.34438 1.09808
-1.40774 1.21592
-1.44028 1.33664
-0.503922 0.649456
-0.477022 0.860704
-0.405908 1.04748
-0.285154 1.16511
-0.246176 1.0353
-0.373741 1.25684
-0.318902 0.827897
-0.373149 0.917095
-0.263424 0.785733
-0.453527 0.717222
-0.399358 0.797062
-0.559934 0.728464
-0.486509 0.786554
-0.635506 0.978741
-0.77143 1.03852
-0.634087 1.12434
-0.528174 1.04686
-0.50868 0.945487
-0.588151 0.850911
-0.454995 1.14531
-0.64799 1.28039
0.232744 0.248798
0.212858 0.213188
0.268631 0.285776
0.306735 0.265721
-0.0158353 0.0743177
0.27409 0.245322
0.00546484 0.0985796
0.0144342 0.0822289
0.0234732 0.0837904
-0.00636097 0.0794539
-0.00108952 0.0726347
-0.253579 0.0689226
-0.22606 0.0268886
-0.195857 0.0533348
-0.170901 0.0525753
-0.148179 0.0470418
-0.165491 0.0397121
-0.155464 0.0660898
-0.203669 0.0332794
-0.180894 0.0376709
-0.289919 0.0356054
-0.286145 0.0698979
-0.300444 0.0713431
-0.306084 0.0564134
-0.286499 0.0557944
-0.316487 0.0691876
-0.293209 0.00718113
-0.320822 0.0256416
-0.342959 0.0363373
-0.265658 0.0229261
-0.269017 0.0483887
-0.273736 0.0641876
-0.243329 0.044668
-0.246566 0.0198285
-0.3228 0.00886735
-0.305699 0.0235477
-0.216297 0.0881525
-0.193682 0.0934876
-0.16605 0.0960646
-0.210642 0.110794
-0.178213 0.073767
-0.201366 0.072897
-0.224372 0.0668685
-0.219608 0.0457653
-0.274504 0.0988467
-0.249819 0.107835
-0.23946 0.0876284
-0.258127 0.0870424
-0.274131 0.0795879
-0.292479 0.0832664
-0.227382 0.103844
-0.230181 0.121216
-0.250382 0.132798
-0.305989 0.113751
-0.396703 0.355297
-0.504715 0.371156
-0.454209 0.291542
-0.447428 0.251977
-0.454881 0.223425
-0.437596 0.224413
-0.494269 0.267529
-0.507664 0.232449
-0.475247 0.246537
-0.518221 0.298416
-0.483419 0.293715
-0.337006 0.535773
-0.42015 0.628043
-0.380782 0.689059
-0.271484 0.603688
-0.234136 0.68645
-0.191667 0.613767
-0.352966 0.613004
-0.245223 0.495386
-0.290933 0.420065
-0.299987 0.477024
-0.229355 0.555422
-0.274762 0.531561
-0.313937 0.040697
-0.429585 0.462774
-0.449924 0.386265
-0.462306 0.343543
-0.495111 0.325084
-0.521808 0.437245
-0.471671 0.426721
-0.507118 0.537385
-0.491331 0.475824
-0.474262 0.586468
-0.418712 0.537023
-0.430237 0.365317
-0.378975 0.43386
-0.367517 0.48428
-0.331246 0.438502
-0.410877 0.403701
-0.0160992 0.305784
0.106213 0.231225
-0.0153147 0.190947
0.0251353 0.150216
-0.0601908 0.231541
0.0242988 0.234749
-0.011622 0.233585
0.000392855 0.259368
-0.0347801 0.272353
-0.0378731 0.245038
0.00278515 0.23503
0.049584 0.186765
0.0092321 0.183668
0.0272333 0.201169
0.000976211 0.216007
0.0735278 0.176329
0.0666233 0.215852
0.0887598 0.196991
0.0675848 0.192846
0.0417549 0.216973
0.0429252 0.15829
0.0277632 0.171941
-0.0510285 0.152945
-0.0797104 0.153973
-0.0799006 0.132633
-0.0615675 0.137856
-0.0684 0.123125
-0.0385542 0.137824
-0.0147954 0.153061
-0.0225271 0.138334
-0.0313394 0.128426
-0.0103951 0.141636
-0.00243991 0.149342
0.0101848 0.138482
0.0104369 0.162693
-0.0083476 0.169454
-0.0256665 0.178302
-0.0614765 0.191765
-0.065649 0.169683
-0.077415 0.184903
-0.0855979 0.166945
-0.033385 0.213431
-0.0395299 0.19159
-0.0415964 0.173366
-0.0316101 0.153214
-0.024662 0.16523
-0.0548657 0.211078
-0.0661356 0.14977
-0.29164 0.0742295
-0.0423629 0.125776
-0.0484493 0.133753
-0.0456789 0.112793
0.0931779 0.402938
0.194071 0.334232
0.155207 0.500528
0.232064 0.409715
0.238629 0.517905
0.32601 0.456824
0.27195 0.440977
0.292782 0.397439
0.242292 0.357016
0.164195 0.39023
0.177827 0.452239
0.20636 0.375323
0.205165 0.654227
0.10877 0.67134
0.0712487 0.591625
0.15242 0.570592
0.292079 0.632888
0.0669673 0.296096
0.026944 0.298501
0.0473918 0.266841
0.0714482 0.246826
0.0510621 0.237337
0.139327 0.32922
0.111922 0.366209
0.11975 0.280584
0.141702 0.250351
0.101664 0.309924
0.0900904 0.271893
0.163386 0.288724
0.057328 0.161585
-0.0656444 0.415384
-0.107233 0.510824
-0.102885 0.58498
-0.159052 0.469009
-0.110302 0.44875
-0.187637 0.508487
0.0136437 0.463786
-0.044358 0.464351
-0.0319787 0.517609
0.00807547 0.379697
-0.00996155 0.420845
0.0457624 0.414001
0.07186 0.460252
0.103339 0.525998
0.0371107 0.526072
0.125507 0.440075
0.0182292 0.336165
0.0650043 0.329682
0.0608772 0.366359
-0.200956 0.460297
-0.245691 0.438902
-0.201193 0.232721
-0.158046 0.154043
-0.118694 0.157837
-0.0982438 0.14819
-0.103187 0.165533
-0.136157 0.101444
-0.107807 0.113854
-0.14179 0.132241
-0.136862 0.150362
-0.118873 0.133077
-0.126876 0.115305
-0.123586 0.0831583
-0.215604 0.162829
-0.186925 0.127217
-0.225028 0.120231
-0.210669 0.136775
-0.165584 0.113057
-0.16547 0.132567
-0.153796 0.098485
-0.146301 0.113087
-0.177938 0.101392
-0.190658 0.185986
-0.186459 0.154555
-0.201821 0.112926
-0.30185 0.183169
-0.283149 0.276418
-0.252176 0.353842
-0.325137 0.338943
-0.347849 0.388264
-0.253656 0.395457
-0.292926 0.373671
-0.374424 0.270279
-0.421029 0.264684
-0.404021 0.309727
-0.359219 0.309048
-0.363288 0.343018
-0.43193 0.330594
-0.400167 0.243851
-0.357501 0.197605
-0.329549 0.251186
-0.324458 0.294711
-0.320993 0.211074
-0.264933 0.234186
-0.297987 0.239272
-0.286 0.207814
-0.251461 0.198765
-0.221854 0.188718
-0.22981 0.219847
-0.20326 0.206111
-0.361967 0.232798
-0.394334 0.197221
-0.431751 0.23403
-0.303618 0.147562
-0.33936 0.165543
-0.281405 0.326935
-0.117736 0.231066
-0.0856849 0.212338
-0.132927 0.329561
-0.114197 0.398133
-0.16281 0.420595
-0.0732437 0.344265
-0.0256794 0.350704
-0.0397333 0.38197
-0.0903294 0.27816
-0.0904875 0.246545
-0.0588596 0.298686
-0.0461473 0.330406
-0.059838 0.262293
-0.20552 0.294472
-0.23714 0.262185
-0.242538 0.311555
-0.185523 0.355309
-0.21661 0.371874
-0.173337 0.319774
-0.13794 0.275999
-0.172552 0.266569
-0.20716 0.261334
-0.115344 0.260775
-0.149308 0.366167
-0.1157 0.295403
-0.104886 0.326197
-0.112028 0.358383
-0.144078 0.296704
-0.0886649 0.308438
-0.180298 0.386238
-0.210474 0.335206
-0.0833061 0.381222
-0.17668 0.207539
-0.131545 0.18965
-0.11477 0.202897
-0.115791 0.178052
-0.136766 0.170267
-0.15881 0.183837
-0.142442 0.214289
-0.168195 0.231969
-0.144412 0.245431
-0.26598 0.146251
-0.232095 0.144446
-0.248123 0.12424
-0.243468 0.168651
-0.276998 0.123832
-0.273149 0.178237
-0.504412 0.151154
-1.19868 1.31596
-0.276527 0.125333
-0.119464 0.0964517
-0.101554 0.0978222
-0.469595 0.195498
-0.355898 0.0359256
-0.354207 0.0113897
-0.341021 0.0280414
-0.316416 0.015153
-0.362457 0.000532017
-0.289675 -0.00163109
-0.365454 0.0101337
-0.372329 0.0219634
-0.38186 0.0121606
-0.359888 0.025162
-1.11299 -0.47384
-1.05415 -0.281603
-1.22704 -0.23396
-1.24726 -0.0937351
-1.28849 -0.0264905
-1.00853 -0.147705
-1.16834 -0.0740359
-1.18026 -0.147989
-1.12518 -0.215766
-1.0558 -0.196492
-1.17259 -0.309409
-1.3477 -0.119128
-1.27182 -0.163183
-0.944043 -0.160775
-0.967669 -0.224179
-0.308622 0.0359764
-0.452724 0.00901169
-0.438043 0.022579
-0.346083 -0.0808188
-0.352922 -0.0844004
-0.354458 -0.0737493
-0.335527 -0.0837568
-0.369773 0.0516687
-0.374833 0.0633347
-0.370627 0.0371287
-0.867409 0.296003
-0.674209 0.340269
-0.586135 0.332737
-0.540214 0.335544
-0.573287 0.411122
-0.563253 0.368591
-0.527567 0.398471
-0.640716 0.22976
-0.603454 0.142528
-0.590207 0.200464
-0.550225 0.226006
-0.551339 0.193145
-0.562872 0.158577
-0.904702 0.120651
-0.895036 0.063776
-1.00658 0.112494
-1.06271 0.0975304
-1.00421 0.055078
-0.784236 0.514967
-0.65242 0.567496
-0.655501 0.681596
-0.579074 0.547923
-0.533593 0.585845
-0.60062 0.625929
-0.93964 0.665566
-1.04176 0.40666
-1.0003 0.268263
-0.962116 0.185969
-1.02029 0.208372
-1.0511 0.160094
-1.00485 0.158595
-0.921083 0.246812
-0.970691 0.23085
-1.10299 0.283286
-1.17981 0.294195
-1.20168 0.294519
-1.19497 0.275892
-1.16132 0.264346
-1.14461 0.186327
-1.04276 0.310196
-1.08979 0.218304
-1.05103 0.259963
-0.955323 0.138659
-0.948035 0.0844937
-1.17919 0.213009
-0.912058 0.427071
-0.998168 0.525563
-1.15358 0.500006
-1.24337 0.394343
-1.14602 0.36051
-1.09432 0.3487
-1.19755 0.335505
-1.11138 0.415161
-1.17587 0.41399
-1.33727 0.442671
-1.06786 0.476833
-0.874927 0.55135
-0.857503 0.480851
-0.784345 0.380665
-0.842128 0.409895
-0.78899 0.437771
-0.678792 0.441564
-0.703844 0.504836
-0.732406 0.451776
-0.629907 0.499805
-0.625068 0.433729
-0.625338 0.371303
-0.882389 0.364823
-0.974757 0.331844
-0.970891 0.390356
-0.978911 0.451067
-0.923362 0.499232
-0.930278 0.367444
-0.953394 0.27778
-0.917262 0.318183
-1.0271 0.357225
-1.28483 0.318719
-1.12146 0.650849
-1.04531 0.823271
-1.18654 0.867762
-1.15674 0.743136
-0.846906 0.863938
-0.92066 0.779558
-0.740795 0.893066
-1.01755 0.612568
-0.944235 0.5737
-1.09884 0.560407
-0.827362 0.349656
-1.14608 0.314808
-0.745272 0.674416
-0.732183 0.583291
-0.813889 0.608713
-0.88696 0.623099
-0.848267 0.689482
-0.803168 0.77261
-0.674274 0.628388
-0.722545 0.380532
-0.669107 0.38672
-1.13634 0.231923
-0.78581 -0.448083
-0.947268 -0.324445
-0.649372 -0.346502
-0.580325 -0.383252
-0.623122 -0.268412
-0.650315 -0.228918
-1.03949 -0.382116
-1.11813 -0.379306
-0.578896 -0.312359
-0.787275 -0.280696
-0.77221 -0.208256
-0.736747 -0.262753
-0.726951 -0.316972
-0.786133 -0.359469
-0.851975 -0.313248
-0.897867 -0.261732
-0.679426 -0.271942
-0.840843 -0.234593
-0.462637 0.0283161
-0.558525 0.305098
-0.598317 0.29389
-0.595052 0.247581
-0.657329 0.283021
-0.630931 0.323481
-0.57761 -0.0419218
-0.780583 0.205142
-0.759823 0.138314
-0.739855 0.111303
-0.820199 0.146221
-0.845517 0.104581
-0.813006 0.081517
-0.799161 0.116831
-0.862927 0.192296
-0.85722 0.151727
-0.911665 0.177123
-0.723637 0.154675
-0.706359 0.182398
-0.685137 0.146903
-0.782401 0.165404
-0.720257 0.278003
-0.719964 0.206444
-0.747621 0.179971
-0.718759 0.178306
-0.681644 0.18955
-0.634936 0.185054
-0.664003 0.130543
-0.823922 0.244319
-0.82176 0.184676
-0.763143 0.243043
-0.806596 0.299016
-0.761278 0.319034
-0.70978 0.318014
-0.748537 0.215615
-0.777703 0.28123
-0.727241 0.235815
-0.689055 0.238412
-0.880533 0.232436
-1.4049 0.756109
-0.620543 -0.546523
-0.60189 -0.458724
-0.694135 -0.417307
-0.626556 -0.412769
-1.27486 0.273369
-1.32551 0.225562
-1.26566 0.205602
-1.21918 0.214451
-0.86332 1.62427
-0.341395 -0.0706752
-0.85395 0.949837
-0.38612 0.0495628
-0.940133 0.896342
-1.05403 0.953288
-0.35031 0.0519183
-0.352184 0.0581629
-0.276891 0.0422503
-0.349664 0.0556769
-0.350086 0.0547325
-0.350021 0.0620201
-0.334887 0.0477027
-1.3566 0.347293
-1.41001 0.300707
-1.34176 0.285404
-0.358482 0.0484804
-0.353012 0.0558674
-0.344035 -0.00187705
-1.408 0.376966
-0.344137 0.0536998
-0.272585 0.0422502
-0.346846 0.0444136
-1.24573 0.3207
-1.23262 0.284711
-1.21357 0.273531
-1.23599 0.25174
-1.21828 0.302282
-1.30105 0.338855
-1.38225 -0.845888
-1.37192 -0.489095
-1.61616 -0.420267
-1.72994 -0.384471
-1.61035 -0.275578
-1.45801 -0.352227
-1.31001 -0.343535
-1.22598 -0.43893
-1.226 -0.564909
-1.35467 -0.232683
-1.53277 -0.557565
-1.51359 -0.713743
-1.36964 -0.646431
-1.24427 0.595134
-1.37099 0.616906
-1.23793 0.465872
-0.888111 -0.634828
-0.753024 -0.574824
-0.699874 -0.490433
-0.921514 -0.485464
-0.96764 -0.412854
-0.876183 -0.392773
-0.858761 -0.502923
-0.716839 -0.757215
-0.750121 -0.665058
-0.657341 -0.658406
-1.04131 -0.884011
-1.17917 -0.724978
-1.21501 -1.01086
-1.25468 -1.0175
-0.864822 -0.86906
-1.08924 -0.614042
-1.00651 -0.504888
-1.00625 -0.742385
-0.575929 -0.259478
-1.02148 0.709185
